Using pre-set license
Built from '2020.3/release' branch; Version is '2020.3.12f1 (b3b2c6512326) revision 11776710'; Using compiler version '192528614'; Build Type 'Release'
OS: 'Windows 10 Home; OS build 19043.1586; Version 2009; 64bit' Language: 'en' Physical Memory: 32645 MB
BatchMode: 1, IsHumanControllingUs: 0, StartBugReporterOnCrash: 0, Is64bit: 1, IsPro: 0

 COMMAND LINE ARGUMENTS:
D:\2020.3.12f1\Editor\Unity.exe
-adb2
-batchMode
-noUpm
-name
AssetImportWorker0
-projectPath
D:/Unity Games/2Dplatformexample
-logFile
Logs/AssetImportWorker0.log
-srvPort
1166
Successfully changed project path to: D:/Unity Games/2Dplatformexample
D:/Unity Games/2Dplatformexample
Using Asset Import Pipeline V2.
Refreshing native plugins compatible for Editor in 37.47 ms, found 3 plugins.
Preloading 0 native plugins for Editor in 0.00 ms.
Initialize engine version: 2020.3.12f1 (b3b2c6512326)
[Subsystems] Discovering subsystems at path D:/2020.3.12f1/Editor/Data/Resources/UnitySubsystems
[Subsystems] Discovering subsystems at path D:/Unity Games/2Dplatformexample/Assets
GfxDevice: creating device client; threaded=0
Direct3D:
    Version:  Direct3D 11.0 [level 11.1]
    Renderer: NVIDIA GeForce RTX 2080 (ID=0x1e82)
    Vendor:   
    VRAM:     8010 MB
    Driver:   30.0.15.1165
Initialize mono
Mono path[0] = 'D:/2020.3.12f1/Editor/Data/Managed'
Mono path[1] = 'D:/2020.3.12f1/Editor/Data/MonoBleedingEdge/lib/mono/unityjit'
Mono config path = 'D:/2020.3.12f1/Editor/Data/MonoBleedingEdge/etc'
Using monoOptions --debugger-agent=transport=dt_socket,embedding=1,server=y,suspend=n,address=127.0.0.1:56596
Begin MonoManager ReloadAssembly
Registering precompiled unity dll's ...
Register platform support module: D:/2020.3.12f1/Editor/Data/PlaybackEngines/WebGLSupport/UnityEditor.WebGL.Extensions.dll
Register platform support module: D:/2020.3.12f1/Editor/Data/PlaybackEngines/MacStandaloneSupport/UnityEditor.OSXStandalone.Extensions.dll
Register platform support module: D:/2020.3.12f1/Editor/Data/PlaybackEngines/WindowsStandaloneSupport/UnityEditor.WindowsStandalone.Extensions.dll
Registered in 0.001761 seconds.
Native extension for WindowsStandalone target not found
Native extension for OSXStandalone target not found
Native extension for WebGL target not found
Refreshing native plugins compatible for Editor in 34.66 ms, found 3 plugins.
Preloading 0 native plugins for Editor in 0.00 ms.
Mono: successfully reloaded assembly
- Completed reload, in  2.557 seconds
Platform modules already initialized, skipping
Registering precompiled user dll's ...
Registered in 0.004284 seconds.
Begin MonoManager ReloadAssembly
Native extension for WindowsStandalone target not found
Native extension for OSXStandalone target not found
Native extension for WebGL target not found
Refreshing native plugins compatible for Editor in 34.67 ms, found 3 plugins.
Preloading 0 native plugins for Editor in 0.00 ms.
Mono: successfully reloaded assembly
- Completed reload, in  1.061 seconds
Platform modules already initialized, skipping
========================================================================
Worker process is ready to serve import requests
Launched and connected shader compiler UnityShaderCompiler.exe after 0.04 seconds
Refreshing native plugins compatible for Editor in 0.51 ms, found 3 plugins.
Preloading 0 native plugins for Editor in 0.00 ms.
Unloading 2080 Unused Serialized files (Serialized files now loaded: 0)
System memory in use before: 92.8 MB.
System memory in use after: 92.8 MB.

Unloading 33 unused Assets to reduce memory usage. Loaded Objects now: 2513.
Total: 2.158000 ms (FindLiveObjects: 0.161100 ms CreateObjectMapping: 0.067800 ms MarkObjects: 1.817900 ms  DeleteObjects: 0.110300 ms)

AssetImportParameters requested are different than current active one (requested -> active):
  custom:framework-win-MediaFoundation: 216162199b28c13a410421893ffa2e32 -> 
  custom:video-decoder-ogg-theora: a1e56fd34408186e4bbccfd4996cb3dc -> 
  custom:container-muxer-webm: aa71ff27fc2769a1b78a27578f13a17b -> 
  custom:container-demuxer-webm: 4f35f7cbe854078d1ac9338744f61a02 -> 
  custom:container-demuxer-ogg: 62fdf1f143b41e24485cea50d1cbac27 -> 
  custom:video-encoder-webm-vp8: eb34c28f22e8b96e1ab97ce403110664 -> 
  custom:video-codec-MediaFoundation-h265: 746d11721c4dcdbdad8f713fa42b33f4 -> 
  custom:video-decoder-webm-vp8: 9c59270c3fd7afecdb556c50c9e8de78 -> 
  custom:audio-decoder-ogg-vorbis: bf7c407c2cedff20999df2af8eb42d56 -> 
  custom:audio-encoder-webm-vorbis: bf7c407c2cedff20999df2af8eb42d56 -> 
========================================================================
Received Import Request.
  path: Assets/NoFric.physicsMaterial2D
  artifactKey: Guid(d5db1bcfc82ea90499a1e59fa58ab232) Importer(815301076,1909f56bfc062723c751e8b465ee728b)
Start importing Assets/NoFric.physicsMaterial2D using Guid(d5db1bcfc82ea90499a1e59fa58ab232) Importer(815301076,1909f56bfc062723c751e8b465ee728b)  -> (artifact id: '92b802e6fed21116818d3d623d5f7647') in 0.043675 seconds 
  Import took 0.046400 seconds .

========================================================================
Received Prepare
Registering precompiled user dll's ...
Registered in 0.005281 seconds.
Begin MonoManager ReloadAssembly
Native extension for WindowsStandalone target not found
Native extension for OSXStandalone target not found
Native extension for WebGL target not found
Refreshing native plugins compatible for Editor in 0.40 ms, found 3 plugins.
Preloading 0 native plugins for Editor in 0.00 ms.
Mono: successfully reloaded assembly
- Completed reload, in  0.958 seconds
Platform modules already initialized, skipping
Refreshing native plugins compatible for Editor in 0.39 ms, found 3 plugins.
Preloading 0 native plugins for Editor in 0.00 ms.
Unloading 2076 Unused Serialized files (Serialized files now loaded: 0)
System memory in use before: 92.8 MB.
System memory in use after: 92.8 MB.

Unloading 21 unused Assets to reduce memory usage. Loaded Objects now: 2518.
Total: 2.203900 ms (FindLiveObjects: 0.181200 ms CreateObjectMapping: 0.071200 ms MarkObjects: 1.862700 ms  DeleteObjects: 0.087600 ms)

AssetImportParameters requested are different than current active one (requested -> active):
  custom:framework-win-MediaFoundation: 216162199b28c13a410421893ffa2e32 -> 
  custom:video-decoder-ogg-theora: a1e56fd34408186e4bbccfd4996cb3dc -> 
  custom:container-muxer-webm: aa71ff27fc2769a1b78a27578f13a17b -> 
  custom:container-demuxer-webm: 4f35f7cbe854078d1ac9338744f61a02 -> 
  custom:container-demuxer-ogg: 62fdf1f143b41e24485cea50d1cbac27 -> 
  custom:video-encoder-webm-vp8: eb34c28f22e8b96e1ab97ce403110664 -> 
  custom:video-codec-MediaFoundation-h265: 746d11721c4dcdbdad8f713fa42b33f4 -> 
  custom:video-decoder-webm-vp8: 9c59270c3fd7afecdb556c50c9e8de78 -> 
  custom:audio-decoder-ogg-vorbis: bf7c407c2cedff20999df2af8eb42d56 -> 
  custom:audio-encoder-webm-vorbis: bf7c407c2cedff20999df2af8eb42d56 -> 
========================================================================
Received Import Request.
  Time since last request: 4.640866 seconds.
  path: Assets/Square.png
  artifactKey: Guid(308ec8b3bc9a0ad4eb662995a7281ddf) Importer(815301076,1909f56bfc062723c751e8b465ee728b)
Start importing Assets/Square.png using Guid(308ec8b3bc9a0ad4eb662995a7281ddf) Importer(815301076,1909f56bfc062723c751e8b465ee728b)  -> (artifact id: '97c9f5bc6c577acd43ad9b6ef1ca1359') in 0.104797 seconds 
  Import took 0.107595 seconds .

========================================================================
Received Import Request.
  Time since last request: 25.971671 seconds.
  path: Assets/Ground.prefab
  artifactKey: Guid(b0ca403fa26b6a448a219608c04045d5) Importer(815301076,1909f56bfc062723c751e8b465ee728b)
Start importing Assets/Ground.prefab using Guid(b0ca403fa26b6a448a219608c04045d5) Importer(815301076,1909f56bfc062723c751e8b465ee728b)  -> (artifact id: 'a4e6eb3dc95bc227ae89a4fe7be48618') in 0.032633 seconds 
  Import took 0.035544 seconds .

========================================================================
Received Import Request.
  Time since last request: 35.532866 seconds.
  path: Assets/Obstacle.prefab
  artifactKey: Guid(5a4a0b7563e0d10448a1538673826bf5) Importer(815301076,1909f56bfc062723c751e8b465ee728b)
Start importing Assets/Obstacle.prefab using Guid(5a4a0b7563e0d10448a1538673826bf5) Importer(815301076,1909f56bfc062723c751e8b465ee728b)  -> (artifact id: '73e12cf84c4d9b77d23789c6e5360ac4') in 0.006597 seconds 
  Import took 0.009534 seconds .

========================================================================
Received Import Request.
  Time since last request: 7.404960 seconds.
  path: Assets/Player.prefab
  artifactKey: Guid(2c16015077c45c34fabafad67e7b915e) Importer(815301076,1909f56bfc062723c751e8b465ee728b)
Start importing Assets/Player.prefab using Guid(2c16015077c45c34fabafad67e7b915e) Importer(815301076,1909f56bfc062723c751e8b465ee728b)  -> (artifact id: 'db64bc9ad7b03e7d43c5ecba2fb9c4ea') in 0.003575 seconds 
  Import took 0.006429 seconds .

========================================================================
Received Import Request.
  Time since last request: 26.399595 seconds.
  path: Assets/Player.prefab
  artifactKey: Guid(2c16015077c45c34fabafad67e7b915e) Importer(815301076,1909f56bfc062723c751e8b465ee728b)
Start importing Assets/Player.prefab using Guid(2c16015077c45c34fabafad67e7b915e) Importer(815301076,1909f56bfc062723c751e8b465ee728b)  -> (artifact id: '2852c069d2c79e329607c082d0fd2f3a') in 0.003951 seconds 
  Import took 0.006765 seconds .

========================================================================
Received Import Request.
  Time since last request: 3.829376 seconds.
  path: Assets/Player.prefab
  artifactKey: Guid(2c16015077c45c34fabafad67e7b915e) Importer(815301076,1909f56bfc062723c751e8b465ee728b)
Start importing Assets/Player.prefab using Guid(2c16015077c45c34fabafad67e7b915e) Importer(815301076,1909f56bfc062723c751e8b465ee728b)  -> (artifact id: 'bcc504c800740fc4ea63ccd60ee9e009') in 0.003458 seconds 
  Import took 0.006406 seconds .

========================================================================
Received Import Request.
  Time since last request: 4.889151 seconds.
  path: Assets/Player.prefab
  artifactKey: Guid(2c16015077c45c34fabafad67e7b915e) Importer(815301076,1909f56bfc062723c751e8b465ee728b)
Start importing Assets/Player.prefab using Guid(2c16015077c45c34fabafad67e7b915e) Importer(815301076,1909f56bfc062723c751e8b465ee728b)  -> (artifact id: 'd814a0be8cbc31dc80dff4177e688e93') in 0.008797 seconds 
  Import took 0.011718 seconds .

========================================================================
Received Import Request.
  Time since last request: 7.868422 seconds.
  path: Assets/Player.prefab
  artifactKey: Guid(2c16015077c45c34fabafad67e7b915e) Importer(815301076,1909f56bfc062723c751e8b465ee728b)
Start importing Assets/Player.prefab using Guid(2c16015077c45c34fabafad67e7b915e) Importer(815301076,1909f56bfc062723c751e8b465ee728b)  -> (artifact id: '2f99c9c41026d584f1ecc7f6179f73ba') in 0.011766 seconds 
  Import took 0.014614 seconds .

========================================================================
Received Import Request.
  Time since last request: 5.251083 seconds.
  path: Assets/Player.prefab
  artifactKey: Guid(2c16015077c45c34fabafad67e7b915e) Importer(815301076,1909f56bfc062723c751e8b465ee728b)
Start importing Assets/Player.prefab using Guid(2c16015077c45c34fabafad67e7b915e) Importer(815301076,1909f56bfc062723c751e8b465ee728b)  -> (artifact id: '4483d69c24a66bf38a54097eb8170ab2') in 0.009702 seconds 
  Import took 0.012564 seconds .

========================================================================
Received Import Request.
  Time since last request: 0.592446 seconds.
  path: Assets/Player.prefab
  artifactKey: Guid(2c16015077c45c34fabafad67e7b915e) Importer(815301076,1909f56bfc062723c751e8b465ee728b)
Start importing Assets/Player.prefab using Guid(2c16015077c45c34fabafad67e7b915e) Importer(815301076,1909f56bfc062723c751e8b465ee728b)  -> (artifact id: '0574d77deb0ad77b1406766d4a1741ac') in 0.008710 seconds 
  Import took 0.012008 seconds .

========================================================================
Received Import Request.
  Time since last request: 0.598024 seconds.
  path: Assets/Player.prefab
  artifactKey: Guid(2c16015077c45c34fabafad67e7b915e) Importer(815301076,1909f56bfc062723c751e8b465ee728b)
Start importing Assets/Player.prefab using Guid(2c16015077c45c34fabafad67e7b915e) Importer(815301076,1909f56bfc062723c751e8b465ee728b)  -> (artifact id: '66dc2b7a932ff4e8c0e3fbb91b1c044a') in 0.011643 seconds 
  Import took 0.014599 seconds .

========================================================================
Received Import Request.
  Time since last request: 20.451441 seconds.
  path: Assets/Square.png
  artifactKey: Guid(308ec8b3bc9a0ad4eb662995a7281ddf) Importer(815301076,1909f56bfc062723c751e8b465ee728b)
Start importing Assets/Square.png using Guid(308ec8b3bc9a0ad4eb662995a7281ddf) Importer(815301076,1909f56bfc062723c751e8b465ee728b)  -> (artifact id: 'f1f3a2cdbd5e4bc1c7c87adf7ca11195') in 0.010896 seconds 
  Import took 0.013765 seconds .

========================================================================
Received Import Request.
  Time since last request: 3.598393 seconds.
  path: Assets/Square.png
  artifactKey: Guid(308ec8b3bc9a0ad4eb662995a7281ddf) Importer(815301076,1909f56bfc062723c751e8b465ee728b)
Start importing Assets/Square.png using Guid(308ec8b3bc9a0ad4eb662995a7281ddf) Importer(815301076,1909f56bfc062723c751e8b465ee728b)  -> (artifact id: 'df76ac9f0a10c55d5dd20bd518e0ca7d') in 0.010165 seconds 
  Import took 0.013005 seconds .

========================================================================
Received Import Request.
  Time since last request: 7.142066 seconds.
  path: Assets/Square.png
  artifactKey: Guid(308ec8b3bc9a0ad4eb662995a7281ddf) Importer(815301076,1909f56bfc062723c751e8b465ee728b)
Start importing Assets/Square.png using Guid(308ec8b3bc9a0ad4eb662995a7281ddf) Importer(815301076,1909f56bfc062723c751e8b465ee728b)  -> (artifact id: '67bd4158900f1d0eb638aebe1533bc83') in 0.009980 seconds 
  Import took 0.012921 seconds .

========================================================================
Received Import Request.
  Time since last request: 7.047374 seconds.
  path: Assets/Square.png
  artifactKey: Guid(308ec8b3bc9a0ad4eb662995a7281ddf) Importer(815301076,1909f56bfc062723c751e8b465ee728b)
Start importing Assets/Square.png using Guid(308ec8b3bc9a0ad4eb662995a7281ddf) Importer(815301076,1909f56bfc062723c751e8b465ee728b)  -> (artifact id: '4a8429a9bdf656a9155d16c985383b40') in 0.008520 seconds 
  Import took 0.011387 seconds .

========================================================================
Received Import Request.
  Time since last request: 8.773043 seconds.
  path: Assets/Square.png
  artifactKey: Guid(308ec8b3bc9a0ad4eb662995a7281ddf) Importer(815301076,1909f56bfc062723c751e8b465ee728b)
Start importing Assets/Square.png using Guid(308ec8b3bc9a0ad4eb662995a7281ddf) Importer(815301076,1909f56bfc062723c751e8b465ee728b)  -> (artifact id: '36426c72914fc4c981246580bbcbf6e4') in 0.008862 seconds 
  Import took 0.011763 seconds .

========================================================================
Received Import Request.
  Time since last request: 13.844037 seconds.
  path: Assets/Ground.prefab
  artifactKey: Guid(b0ca403fa26b6a448a219608c04045d5) Importer(815301076,1909f56bfc062723c751e8b465ee728b)
Start importing Assets/Ground.prefab using Guid(b0ca403fa26b6a448a219608c04045d5) Importer(815301076,1909f56bfc062723c751e8b465ee728b)  -> (artifact id: '3fa24f071d513733f096f54c9162dfbe') in 0.007881 seconds 
  Import took 0.010794 seconds .

========================================================================
Received Import Request.
  Time since last request: 31.625644 seconds.
  path: Assets/Ground.prefab
  artifactKey: Guid(b0ca403fa26b6a448a219608c04045d5) Importer(815301076,1909f56bfc062723c751e8b465ee728b)
Start importing Assets/Ground.prefab using Guid(b0ca403fa26b6a448a219608c04045d5) Importer(815301076,1909f56bfc062723c751e8b465ee728b)  -> (artifact id: 'e6e5928197f8b7ef662f3542660e3018') in 0.008623 seconds 
  Import took 0.011544 seconds .

========================================================================
Received Prepare
Registering precompiled user dll's ...
Registered in 0.004269 seconds.
Begin MonoManager ReloadAssembly
Native extension for WindowsStandalone target not found
Native extension for OSXStandalone target not found
Native extension for WebGL target not found
Refreshing native plugins compatible for Editor in 0.38 ms, found 3 plugins.
Preloading 0 native plugins for Editor in 0.00 ms.
Mono: successfully reloaded assembly
- Completed reload, in  0.873 seconds
Platform modules already initialized, skipping
Refreshing native plugins compatible for Editor in 0.40 ms, found 3 plugins.
Preloading 0 native plugins for Editor in 0.00 ms.
Unloading 2076 Unused Serialized files (Serialized files now loaded: 0)
System memory in use before: 95.9 MB.
System memory in use after: 95.9 MB.

Unloading 27 unused Assets to reduce memory usage. Loaded Objects now: 2531.
Total: 2.270300 ms (FindLiveObjects: 0.174100 ms CreateObjectMapping: 0.056100 ms MarkObjects: 1.900800 ms  DeleteObjects: 0.138500 ms)

AssetImportParameters requested are different than current active one (requested -> active):
  custom:framework-win-MediaFoundation: 216162199b28c13a410421893ffa2e32 -> 
  custom:video-decoder-ogg-theora: a1e56fd34408186e4bbccfd4996cb3dc -> 
  custom:container-muxer-webm: aa71ff27fc2769a1b78a27578f13a17b -> 
  custom:container-demuxer-webm: 4f35f7cbe854078d1ac9338744f61a02 -> 
  custom:container-demuxer-ogg: 62fdf1f143b41e24485cea50d1cbac27 -> 
  custom:video-encoder-webm-vp8: eb34c28f22e8b96e1ab97ce403110664 -> 
  custom:video-codec-MediaFoundation-h265: 746d11721c4dcdbdad8f713fa42b33f4 -> 
  custom:video-decoder-webm-vp8: 9c59270c3fd7afecdb556c50c9e8de78 -> 
  custom:audio-decoder-ogg-vorbis: bf7c407c2cedff20999df2af8eb42d56 -> 
  custom:audio-encoder-webm-vorbis: bf7c407c2cedff20999df2af8eb42d56 -> 
========================================================================
Received Import Request.
  Time since last request: 19.617894 seconds.
  path: Assets/Player.prefab
  artifactKey: Guid(2c16015077c45c34fabafad67e7b915e) Importer(815301076,1909f56bfc062723c751e8b465ee728b)
Start importing Assets/Player.prefab using Guid(2c16015077c45c34fabafad67e7b915e) Importer(815301076,1909f56bfc062723c751e8b465ee728b)  -> (artifact id: '9935d806b404b125f64e9fc6f0bb106e') in 0.049756 seconds 
  Import took 0.052721 seconds .

========================================================================
Received Prepare
Registering precompiled user dll's ...
Registered in 0.004368 seconds.
Begin MonoManager ReloadAssembly
Native extension for WindowsStandalone target not found
Native extension for OSXStandalone target not found
Native extension for WebGL target not found
Refreshing native plugins compatible for Editor in 0.38 ms, found 3 plugins.
Preloading 0 native plugins for Editor in 0.00 ms.
Mono: successfully reloaded assembly
- Completed reload, in  0.880 seconds
Platform modules already initialized, skipping
Refreshing native plugins compatible for Editor in 0.38 ms, found 3 plugins.
Preloading 0 native plugins for Editor in 0.00 ms.
Unloading 2076 Unused Serialized files (Serialized files now loaded: 0)
System memory in use before: 95.9 MB.
System memory in use after: 95.9 MB.

Unloading 21 unused Assets to reduce memory usage. Loaded Objects now: 2536.
Total: 2.096300 ms (FindLiveObjects: 0.180700 ms CreateObjectMapping: 0.065100 ms MarkObjects: 1.766200 ms  DeleteObjects: 0.083600 ms)

AssetImportParameters requested are different than current active one (requested -> active):
  custom:framework-win-MediaFoundation: 216162199b28c13a410421893ffa2e32 -> 
  custom:video-decoder-ogg-theora: a1e56fd34408186e4bbccfd4996cb3dc -> 
  custom:container-muxer-webm: aa71ff27fc2769a1b78a27578f13a17b -> 
  custom:container-demuxer-webm: 4f35f7cbe854078d1ac9338744f61a02 -> 
  custom:container-demuxer-ogg: 62fdf1f143b41e24485cea50d1cbac27 -> 
  custom:video-encoder-webm-vp8: eb34c28f22e8b96e1ab97ce403110664 -> 
  custom:video-codec-MediaFoundation-h265: 746d11721c4dcdbdad8f713fa42b33f4 -> 
  custom:video-decoder-webm-vp8: 9c59270c3fd7afecdb556c50c9e8de78 -> 
  custom:audio-decoder-ogg-vorbis: bf7c407c2cedff20999df2af8eb42d56 -> 
  custom:audio-encoder-webm-vorbis: bf7c407c2cedff20999df2af8eb42d56 -> 
========================================================================
Received Import Request.
  Time since last request: 17.293293 seconds.
  path: Assets/Player.prefab
  artifactKey: Guid(2c16015077c45c34fabafad67e7b915e) Importer(815301076,1909f56bfc062723c751e8b465ee728b)
Start importing Assets/Player.prefab using Guid(2c16015077c45c34fabafad67e7b915e) Importer(815301076,1909f56bfc062723c751e8b465ee728b)  -> (artifact id: '276cbce224af36ea6467f845507d06b6') in 0.041978 seconds 
  Import took 0.044753 seconds .

========================================================================
Received Import Request.
  Time since last request: 7.333927 seconds.
  path: Assets/Player.prefab
  artifactKey: Guid(2c16015077c45c34fabafad67e7b915e) Importer(815301076,1909f56bfc062723c751e8b465ee728b)
Start importing Assets/Player.prefab using Guid(2c16015077c45c34fabafad67e7b915e) Importer(815301076,1909f56bfc062723c751e8b465ee728b)  -> (artifact id: '075190f3d59d6e657562d949ae5390e5') in 0.006770 seconds 
  Import took 0.009654 seconds .

========================================================================
Received Import Request.
  Time since last request: 1.407302 seconds.
  path: Assets/Player.prefab
  artifactKey: Guid(2c16015077c45c34fabafad67e7b915e) Importer(815301076,1909f56bfc062723c751e8b465ee728b)
Start importing Assets/Player.prefab using Guid(2c16015077c45c34fabafad67e7b915e) Importer(815301076,1909f56bfc062723c751e8b465ee728b)  -> (artifact id: '5976f72855d57c3269e4ef2f642742f4') in 0.023616 seconds 
  Import took 0.026505 seconds .

========================================================================
Received Import Request.
  Time since last request: 1.384007 seconds.
  path: Assets/Player.prefab
  artifactKey: Guid(2c16015077c45c34fabafad67e7b915e) Importer(815301076,1909f56bfc062723c751e8b465ee728b)
Start importing Assets/Player.prefab using Guid(2c16015077c45c34fabafad67e7b915e) Importer(815301076,1909f56bfc062723c751e8b465ee728b)  -> (artifact id: '690b0657ef5fd53ef23ce07753f2ea97') in 0.006981 seconds 
  Import took 0.009894 seconds .

========================================================================
Received Import Request.
  Time since last request: 15.248082 seconds.
  path: Assets/PlayerMove.cs
  artifactKey: Guid(23bc8d37ef897e64b9c0bebaca79f042) Importer(815301076,1909f56bfc062723c751e8b465ee728b)
Start importing Assets/PlayerMove.cs using Guid(23bc8d37ef897e64b9c0bebaca79f042) Importer(815301076,1909f56bfc062723c751e8b465ee728b)  -> (artifact id: '24d19124710ad5b37683c30f22e9f5f0') in 0.004985 seconds 
  Import took 0.008023 seconds .

========================================================================
Received Import Request.
  Time since last request: 0.002476 seconds.
  path: Assets/PlayerMove.cs
  artifactKey: Guid(23bc8d37ef897e64b9c0bebaca79f042) Importer(815301076,1909f56bfc062723c751e8b465ee728b)
Start importing Assets/PlayerMove.cs using Guid(23bc8d37ef897e64b9c0bebaca79f042) Importer(815301076,1909f56bfc062723c751e8b465ee728b)  -> (artifact id: '24d19124710ad5b37683c30f22e9f5f0') in 0.002082 seconds 
  Import took 0.004856 seconds .

========================================================================
Received Prepare
Registering precompiled user dll's ...
Registered in 0.004990 seconds.
Begin MonoManager ReloadAssembly
Native extension for WindowsStandalone target not found
Native extension for OSXStandalone target not found
Native extension for WebGL target not found
Refreshing native plugins compatible for Editor in 0.40 ms, found 3 plugins.
Preloading 0 native plugins for Editor in 0.00 ms.
Mono: successfully reloaded assembly
- Completed reload, in  0.922 seconds
Platform modules already initialized, skipping
Refreshing native plugins compatible for Editor in 0.37 ms, found 3 plugins.
Preloading 0 native plugins for Editor in 0.00 ms.
Unloading 2076 Unused Serialized files (Serialized files now loaded: 0)
System memory in use before: 95.9 MB.
System memory in use after: 95.9 MB.

Unloading 21 unused Assets to reduce memory usage. Loaded Objects now: 2541.
Total: 2.268500 ms (FindLiveObjects: 0.216700 ms CreateObjectMapping: 0.071400 ms MarkObjects: 1.888900 ms  DeleteObjects: 0.090800 ms)

AssetImportParameters requested are different than current active one (requested -> active):
  custom:framework-win-MediaFoundation: 216162199b28c13a410421893ffa2e32 -> 
  custom:video-decoder-ogg-theora: a1e56fd34408186e4bbccfd4996cb3dc -> 
  custom:container-muxer-webm: aa71ff27fc2769a1b78a27578f13a17b -> 
  custom:container-demuxer-webm: 4f35f7cbe854078d1ac9338744f61a02 -> 
  custom:container-demuxer-ogg: 62fdf1f143b41e24485cea50d1cbac27 -> 
  custom:video-encoder-webm-vp8: eb34c28f22e8b96e1ab97ce403110664 -> 
  custom:video-codec-MediaFoundation-h265: 746d11721c4dcdbdad8f713fa42b33f4 -> 
  custom:video-decoder-webm-vp8: 9c59270c3fd7afecdb556c50c9e8de78 -> 
  custom:audio-decoder-ogg-vorbis: bf7c407c2cedff20999df2af8eb42d56 -> 
  custom:audio-encoder-webm-vorbis: bf7c407c2cedff20999df2af8eb42d56 -> 
========================================================================
Received Import Request.
  Time since last request: 20.953012 seconds.
  path: Assets/PlayerMove.cs
  artifactKey: Guid(23bc8d37ef897e64b9c0bebaca79f042) Importer(815301076,1909f56bfc062723c751e8b465ee728b)
Start importing Assets/PlayerMove.cs using Guid(23bc8d37ef897e64b9c0bebaca79f042) Importer(815301076,1909f56bfc062723c751e8b465ee728b)  -> (artifact id: '9f1facb739002e28fd4cce31cb78c38d') in 0.004167 seconds 
  Import took 0.007291 seconds .

========================================================================
Received Prepare
Registering precompiled user dll's ...
Registered in 0.004242 seconds.
Begin MonoManager ReloadAssembly
Native extension for WindowsStandalone target not found
Native extension for OSXStandalone target not found
Native extension for WebGL target not found
Refreshing native plugins compatible for Editor in 0.39 ms, found 3 plugins.
Preloading 0 native plugins for Editor in 0.00 ms.
Mono: successfully reloaded assembly
- Completed reload, in  0.882 seconds
Platform modules already initialized, skipping
Refreshing native plugins compatible for Editor in 0.40 ms, found 3 plugins.
Preloading 0 native plugins for Editor in 0.00 ms.
Unloading 2076 Unused Serialized files (Serialized files now loaded: 0)
System memory in use before: 95.9 MB.
System memory in use after: 95.9 MB.

Unloading 21 unused Assets to reduce memory usage. Loaded Objects now: 2545.
Total: 2.510600 ms (FindLiveObjects: 0.200300 ms CreateObjectMapping: 0.069500 ms MarkObjects: 2.140700 ms  DeleteObjects: 0.099300 ms)

AssetImportParameters requested are different than current active one (requested -> active):
  custom:framework-win-MediaFoundation: 216162199b28c13a410421893ffa2e32 -> 
  custom:video-decoder-ogg-theora: a1e56fd34408186e4bbccfd4996cb3dc -> 
  custom:container-muxer-webm: aa71ff27fc2769a1b78a27578f13a17b -> 
  custom:container-demuxer-webm: 4f35f7cbe854078d1ac9338744f61a02 -> 
  custom:container-demuxer-ogg: 62fdf1f143b41e24485cea50d1cbac27 -> 
  custom:video-encoder-webm-vp8: eb34c28f22e8b96e1ab97ce403110664 -> 
  custom:video-codec-MediaFoundation-h265: 746d11721c4dcdbdad8f713fa42b33f4 -> 
  custom:video-decoder-webm-vp8: 9c59270c3fd7afecdb556c50c9e8de78 -> 
  custom:audio-decoder-ogg-vorbis: bf7c407c2cedff20999df2af8eb42d56 -> 
  custom:audio-encoder-webm-vorbis: bf7c407c2cedff20999df2af8eb42d56 -> 
========================================================================
Received Prepare
Registering precompiled user dll's ...
Registered in 0.004422 seconds.
Begin MonoManager ReloadAssembly
Native extension for WindowsStandalone target not found
Native extension for OSXStandalone target not found
Native extension for WebGL target not found
Refreshing native plugins compatible for Editor in 0.50 ms, found 3 plugins.
Preloading 0 native plugins for Editor in 0.00 ms.
Mono: successfully reloaded assembly
- Completed reload, in  1.078 seconds
Platform modules already initialized, skipping
Refreshing native plugins compatible for Editor in 0.41 ms, found 3 plugins.
Preloading 0 native plugins for Editor in 0.00 ms.
Unloading 2076 Unused Serialized files (Serialized files now loaded: 0)
System memory in use before: 95.9 MB.
System memory in use after: 95.9 MB.

Unloading 21 unused Assets to reduce memory usage. Loaded Objects now: 2549.
Total: 2.623400 ms (FindLiveObjects: 0.269500 ms CreateObjectMapping: 0.147300 ms MarkObjects: 2.096500 ms  DeleteObjects: 0.109100 ms)

AssetImportParameters requested are different than current active one (requested -> active):
  custom:framework-win-MediaFoundation: 216162199b28c13a410421893ffa2e32 -> 
  custom:video-decoder-ogg-theora: a1e56fd34408186e4bbccfd4996cb3dc -> 
  custom:container-muxer-webm: aa71ff27fc2769a1b78a27578f13a17b -> 
  custom:container-demuxer-webm: 4f35f7cbe854078d1ac9338744f61a02 -> 
  custom:container-demuxer-ogg: 62fdf1f143b41e24485cea50d1cbac27 -> 
  custom:video-encoder-webm-vp8: eb34c28f22e8b96e1ab97ce403110664 -> 
  custom:video-codec-MediaFoundation-h265: 746d11721c4dcdbdad8f713fa42b33f4 -> 
  custom:video-decoder-webm-vp8: 9c59270c3fd7afecdb556c50c9e8de78 -> 
  custom:audio-decoder-ogg-vorbis: bf7c407c2cedff20999df2af8eb42d56 -> 
  custom:audio-encoder-webm-vorbis: bf7c407c2cedff20999df2af8eb42d56 -> 
========================================================================
Received Import Request.
  Time since last request: 256.727678 seconds.
  path: Assets/Player.prefab
  artifactKey: Guid(2c16015077c45c34fabafad67e7b915e) Importer(815301076,1909f56bfc062723c751e8b465ee728b)
Start importing Assets/Player.prefab using Guid(2c16015077c45c34fabafad67e7b915e) Importer(815301076,1909f56bfc062723c751e8b465ee728b)  -> (artifact id: '2e90e35d221374b5de42de876a01cc26') in 0.053319 seconds 
  Import took 0.056956 seconds .

========================================================================
Received Prepare
Registering precompiled user dll's ...
Registered in 0.004320 seconds.
Begin MonoManager ReloadAssembly
Native extension for WindowsStandalone target not found
Native extension for OSXStandalone target not found
Native extension for WebGL target not found
Refreshing native plugins compatible for Editor in 0.39 ms, found 3 plugins.
Preloading 0 native plugins for Editor in 0.00 ms.
Mono: successfully reloaded assembly
- Completed reload, in  0.882 seconds
Platform modules already initialized, skipping
Refreshing native plugins compatible for Editor in 0.42 ms, found 3 plugins.
Preloading 0 native plugins for Editor in 0.00 ms.
Unloading 2076 Unused Serialized files (Serialized files now loaded: 0)
System memory in use before: 96.0 MB.
System memory in use after: 95.9 MB.

Unloading 21 unused Assets to reduce memory usage. Loaded Objects now: 2554.
Total: 2.283200 ms (FindLiveObjects: 0.223400 ms CreateObjectMapping: 0.070900 ms MarkObjects: 1.895300 ms  DeleteObjects: 0.092700 ms)

AssetImportParameters requested are different than current active one (requested -> active):
  custom:framework-win-MediaFoundation: 216162199b28c13a410421893ffa2e32 -> 
  custom:video-decoder-ogg-theora: a1e56fd34408186e4bbccfd4996cb3dc -> 
  custom:container-muxer-webm: aa71ff27fc2769a1b78a27578f13a17b -> 
  custom:container-demuxer-webm: 4f35f7cbe854078d1ac9338744f61a02 -> 
  custom:container-demuxer-ogg: 62fdf1f143b41e24485cea50d1cbac27 -> 
  custom:video-encoder-webm-vp8: eb34c28f22e8b96e1ab97ce403110664 -> 
  custom:video-codec-MediaFoundation-h265: 746d11721c4dcdbdad8f713fa42b33f4 -> 
  custom:video-decoder-webm-vp8: 9c59270c3fd7afecdb556c50c9e8de78 -> 
  custom:audio-decoder-ogg-vorbis: bf7c407c2cedff20999df2af8eb42d56 -> 
  custom:audio-encoder-webm-vorbis: bf7c407c2cedff20999df2af8eb42d56 -> 
========================================================================
Received Import Request.
  Time since last request: 35.425869 seconds.
  path: Assets/Player.prefab
  artifactKey: Guid(2c16015077c45c34fabafad67e7b915e) Importer(815301076,1909f56bfc062723c751e8b465ee728b)
Start importing Assets/Player.prefab using Guid(2c16015077c45c34fabafad67e7b915e) Importer(815301076,1909f56bfc062723c751e8b465ee728b)  -> (artifact id: '5fbf6731f7d98a712bd3a939d727d491') in 0.043910 seconds 
  Import took 0.046868 seconds .

========================================================================
Received Import Request.
  Time since last request: 0.844499 seconds.
  path: Assets/Player.prefab
  artifactKey: Guid(2c16015077c45c34fabafad67e7b915e) Importer(815301076,1909f56bfc062723c751e8b465ee728b)
Start importing Assets/Player.prefab using Guid(2c16015077c45c34fabafad67e7b915e) Importer(815301076,1909f56bfc062723c751e8b465ee728b)  -> (artifact id: '84f09384ed4c7ac0cff15b07a2ff4553') in 0.008277 seconds 
  Import took 0.011301 seconds .

========================================================================
Received Import Request.
  Time since last request: 27.245422 seconds.
  path: Assets
  artifactKey: Guid(00000000000000001000000000000000) Importer(815301076,1909f56bfc062723c751e8b465ee728b)
Start importing Assets using Guid(00000000000000001000000000000000) Importer(815301076,1909f56bfc062723c751e8b465ee728b)  -> (artifact id: '42d402b061de3733987d63b9cc3b64de') in 0.005203 seconds 
  Import took 0.008158 seconds .

========================================================================
Received Prepare
Registering precompiled user dll's ...
Registered in 0.004309 seconds.
Begin MonoManager ReloadAssembly
Native extension for WindowsStandalone target not found
Native extension for OSXStandalone target not found
Native extension for WebGL target not found
Refreshing native plugins compatible for Editor in 0.40 ms, found 3 plugins.
Preloading 0 native plugins for Editor in 0.00 ms.
Mono: successfully reloaded assembly
- Completed reload, in  0.893 seconds
Platform modules already initialized, skipping
Refreshing native plugins compatible for Editor in 0.41 ms, found 3 plugins.
Preloading 0 native plugins for Editor in 0.00 ms.
Unloading 2076 Unused Serialized files (Serialized files now loaded: 0)
System memory in use before: 96.0 MB.
System memory in use after: 95.9 MB.

Unloading 21 unused Assets to reduce memory usage. Loaded Objects now: 2559.
Total: 2.101500 ms (FindLiveObjects: 0.180600 ms CreateObjectMapping: 0.071700 ms MarkObjects: 1.757500 ms  DeleteObjects: 0.090900 ms)

AssetImportParameters requested are different than current active one (requested -> active):
  custom:framework-win-MediaFoundation: 216162199b28c13a410421893ffa2e32 -> 
  custom:video-decoder-ogg-theora: a1e56fd34408186e4bbccfd4996cb3dc -> 
  custom:container-muxer-webm: aa71ff27fc2769a1b78a27578f13a17b -> 
  custom:container-demuxer-webm: 4f35f7cbe854078d1ac9338744f61a02 -> 
  custom:container-demuxer-ogg: 62fdf1f143b41e24485cea50d1cbac27 -> 
  custom:video-encoder-webm-vp8: eb34c28f22e8b96e1ab97ce403110664 -> 
  custom:video-codec-MediaFoundation-h265: 746d11721c4dcdbdad8f713fa42b33f4 -> 
  custom:video-decoder-webm-vp8: 9c59270c3fd7afecdb556c50c9e8de78 -> 
  custom:audio-decoder-ogg-vorbis: bf7c407c2cedff20999df2af8eb42d56 -> 
  custom:audio-encoder-webm-vorbis: bf7c407c2cedff20999df2af8eb42d56 -> 
========================================================================
Received Import Request.
  Time since last request: 6.006123 seconds.
  path: Assets/Prefabs
  artifactKey: Guid(966c6391644780046b2a04bf49457cbf) Importer(815301076,1909f56bfc062723c751e8b465ee728b)
Start importing Assets/Prefabs using Guid(966c6391644780046b2a04bf49457cbf) Importer(815301076,1909f56bfc062723c751e8b465ee728b)  -> (artifact id: 'f82e85235440cbe2c2167defaf614f63') in 0.008124 seconds 
  Import took 0.011304 seconds .

========================================================================
Received Prepare
Registering precompiled user dll's ...
Registered in 0.004333 seconds.
Begin MonoManager ReloadAssembly
Native extension for WindowsStandalone target not found
Native extension for OSXStandalone target not found
Native extension for WebGL target not found
Refreshing native plugins compatible for Editor in 0.40 ms, found 3 plugins.
Preloading 0 native plugins for Editor in 0.00 ms.
Mono: successfully reloaded assembly
- Completed reload, in  0.897 seconds
Platform modules already initialized, skipping
Refreshing native plugins compatible for Editor in 0.44 ms, found 3 plugins.
Preloading 0 native plugins for Editor in 0.00 ms.
Unloading 2076 Unused Serialized files (Serialized files now loaded: 0)
System memory in use before: 96.0 MB.
System memory in use after: 96.0 MB.

Unloading 21 unused Assets to reduce memory usage. Loaded Objects now: 2563.
Total: 2.160500 ms (FindLiveObjects: 0.179100 ms CreateObjectMapping: 0.068500 ms MarkObjects: 1.820300 ms  DeleteObjects: 0.091900 ms)

AssetImportParameters requested are different than current active one (requested -> active):
  custom:framework-win-MediaFoundation: 216162199b28c13a410421893ffa2e32 -> 
  custom:video-decoder-ogg-theora: a1e56fd34408186e4bbccfd4996cb3dc -> 
  custom:container-muxer-webm: aa71ff27fc2769a1b78a27578f13a17b -> 
  custom:container-demuxer-webm: 4f35f7cbe854078d1ac9338744f61a02 -> 
  custom:container-demuxer-ogg: 62fdf1f143b41e24485cea50d1cbac27 -> 
  custom:video-encoder-webm-vp8: eb34c28f22e8b96e1ab97ce403110664 -> 
  custom:video-codec-MediaFoundation-h265: 746d11721c4dcdbdad8f713fa42b33f4 -> 
  custom:video-decoder-webm-vp8: 9c59270c3fd7afecdb556c50c9e8de78 -> 
  custom:audio-decoder-ogg-vorbis: bf7c407c2cedff20999df2af8eb42d56 -> 
  custom:audio-encoder-webm-vorbis: bf7c407c2cedff20999df2af8eb42d56 -> 
AssetImportWorkerClient::OnTransportError - code=2 error=End of file
